<?xml version="1.0" encoding="UTF-8"?>
<testsuite xmlns:xsi="http://www.w3.org/2001/XMLSchema-instance" xsi:noNamespaceSchemaLocation="https://maven.apache.org/surefire/maven-surefire-plugin/xsd/surefire-test-report.xsd" name="com.website.welltalk.WelltalkApplicationTests" time="22.932" tests="1" errors="0" skipped="0" failures="0">
  <properties>
    <property name="java.specification.version" value="17"/>
    <property name="sun.cpu.isalist" value="amd64"/>
    <property name="sun.jnu.encoding" value="Cp1252"/>
    <property name="java.class.path" value="C:\Users\Errenz\Documents\GitHub\2223-sem2-g2-g3-12-WellTalkWebsite-v2\target\test-classes;C:\Users\Errenz\Documents\GitHub\2223-sem2-g2-g3-12-WellTalkWebsite-v2\target\classes;C:\Users\Errenz\.m2\repository\org\springframework\boot\spring-boot-starter-web\2.6.1\spring-boot-starter-web-2.6.1.jar;C:\Users\Errenz\.m2\repository\org\springframework\boot\spring-boot-starter\2.6.1\spring-boot-starter-2.6.1.jar;C:\Users\Errenz\.m2\repository\org\springframework\boot\spring-boot-starter-logging\2.6.1\spring-boot-starter-logging-2.6.1.jar;C:\Users\Errenz\.m2\repository\ch\qos\logback\logback-classic\1.2.7\logback-classic-1.2.7.jar;C:\Users\Errenz\.m2\repository\ch\qos\logback\logback-core\1.2.7\logback-core-1.2.7.jar;C:\Users\Errenz\.m2\repository\org\apache\logging\log4j\log4j-to-slf4j\2.14.1\log4j-to-slf4j-2.14.1.jar;C:\Users\Errenz\.m2\repository\org\apache\logging\log4j\log4j-api\2.14.1\log4j-api-2.14.1.jar;C:\Users\Errenz\.m2\repository\org\slf4j\jul-to-slf4j\1.7.32\jul-to-slf4j-1.7.32.jar;C:\Users\Errenz\.m2\repository\org\yaml\snakeyaml\1.29\snakeyaml-1.29.jar;C:\Users\Errenz\.m2\repository\org\springframework\boot\spring-boot-starter-json\2.6.1\spring-boot-starter-json-2.6.1.jar;C:\Users\Errenz\.m2\repository\com\fasterxml\jackson\datatype\jackson-datatype-jdk8\2.13.0\jackson-datatype-jdk8-2.13.0.jar;C:\Users\Errenz\.m2\repository\com\fasterxml\jackson\datatype\jackson-datatype-jsr310\2.13.0\jackson-datatype-jsr310-2.13.0.jar;C:\Users\Errenz\.m2\repository\com\fasterxml\jackson\module\jackson-module-parameter-names\2.13.0\jackson-module-parameter-names-2.13.0.jar;C:\Users\Errenz\.m2\repository\org\springframework\spring-web\5.3.13\spring-web-5.3.13.jar;C:\Users\Errenz\.m2\repository\org\springframework\spring-webmvc\5.3.13\spring-webmvc-5.3.13.jar;C:\Users\Errenz\.m2\repository\com\fasterxml\jackson\core\jackson-databind\2.12.5\jackson-databind-2.12.5.jar;C:\Users\Errenz\.m2\repository\com\fasterxml\jackson\core\jackson-annotations\2.13.0\jackson-annotations-2.13.0.jar;C:\Users\Errenz\.m2\repository\com\fasterxml\jackson\core\jackson-core\2.13.0\jackson-core-2.13.0.jar;C:\Users\Errenz\.m2\repository\org\springframework\boot\spring-boot-starter-tomcat\2.6.1\spring-boot-starter-tomcat-2.6.1.jar;C:\Users\Errenz\.m2\repository\jakarta\annotation\jakarta.annotation-api\1.3.5\jakarta.annotation-api-1.3.5.jar;C:\Users\Errenz\.m2\repository\org\apache\tomcat\embed\tomcat-embed-core\9.0.55\tomcat-embed-core-9.0.55.jar;C:\Users\Errenz\.m2\repository\org\apache\tomcat\embed\tomcat-embed-el\9.0.55\tomcat-embed-el-9.0.55.jar;C:\Users\Errenz\.m2\repository\org\apache\tomcat\embed\tomcat-embed-websocket\9.0.55\tomcat-embed-websocket-9.0.55.jar;C:\Users\Errenz\.m2\repository\org\springframework\boot\spring-boot-starter-test\2.6.1\spring-boot-starter-test-2.6.1.jar;C:\Users\Errenz\.m2\repository\org\springframework\boot\spring-boot-test\2.6.1\spring-boot-test-2.6.1.jar;C:\Users\Errenz\.m2\repository\org\springframework\boot\spring-boot-test-autoconfigure\2.6.1\spring-boot-test-autoconfigure-2.6.1.jar;C:\Users\Errenz\.m2\repository\com\jayway\jsonpath\json-path\2.6.0\json-path-2.6.0.jar;C:\Users\Errenz\.m2\repository\net\minidev\json-smart\2.4.7\json-smart-2.4.7.jar;C:\Users\Errenz\.m2\repository\net\minidev\accessors-smart\2.4.7\accessors-smart-2.4.7.jar;C:\Users\Errenz\.m2\repository\org\ow2\asm\asm\9.1\asm-9.1.jar;C:\Users\Errenz\.m2\repository\org\slf4j\slf4j-api\1.7.32\slf4j-api-1.7.32.jar;C:\Users\Errenz\.m2\repository\jakarta\xml\bind\jakarta.xml.bind-api\2.3.3\jakarta.xml.bind-api-2.3.3.jar;C:\Users\Errenz\.m2\repository\jakarta\activation\jakarta.activation-api\1.2.2\jakarta.activation-api-1.2.2.jar;C:\Users\Errenz\.m2\repository\org\assertj\assertj-core\3.21.0\assertj-core-3.21.0.jar;C:\Users\Errenz\.m2\repository\org\hamcrest\hamcrest\2.2\hamcrest-2.2.jar;C:\Users\Errenz\.m2\repository\org\junit\jupiter\junit-jupiter\5.8.1\junit-jupiter-5.8.1.jar;C:\Users\Errenz\.m2\repository\org\junit\jupiter\junit-jupiter-api\5.8.1\junit-jupiter-api-5.8.1.jar;C:\Users\Errenz\.m2\repository\org\opentest4j\opentest4j\1.2.0\opentest4j-1.2.0.jar;C:\Users\Errenz\.m2\repository\org\junit\platform\junit-platform-commons\1.8.1\junit-platform-commons-1.8.1.jar;C:\Users\Errenz\.m2\repository\org\apiguardian\apiguardian-api\1.1.2\apiguardian-api-1.1.2.jar;C:\Users\Errenz\.m2\repository\org\junit\jupiter\junit-jupiter-params\5.8.1\junit-jupiter-params-5.8.1.jar;C:\Users\Errenz\.m2\repository\org\junit\jupiter\junit-jupiter-engine\5.8.1\junit-jupiter-engine-5.8.1.jar;C:\Users\Errenz\.m2\repository\org\junit\platform\junit-platform-engine\1.8.1\junit-platform-engine-1.8.1.jar;C:\Users\Errenz\.m2\repository\org\mockito\mockito-core\4.0.0\mockito-core-4.0.0.jar;C:\Users\Errenz\.m2\repository\net\bytebuddy\byte-buddy\1.11.22\byte-buddy-1.11.22.jar;C:\Users\Errenz\.m2\repository\net\bytebuddy\byte-buddy-agent\1.11.22\byte-buddy-agent-1.11.22.jar;C:\Users\Errenz\.m2\repository\org\objenesis\objenesis\3.2\objenesis-3.2.jar;C:\Users\Errenz\.m2\repository\org\mockito\mockito-junit-jupiter\4.0.0\mockito-junit-jupiter-4.0.0.jar;C:\Users\Errenz\.m2\repository\org\skyscreamer\jsonassert\1.5.0\jsonassert-1.5.0.jar;C:\Users\Errenz\.m2\repository\com\vaadin\external\google\android-json\0.0.20131108.vaadin1\android-json-0.0.20131108.vaadin1.jar;C:\Users\Errenz\.m2\repository\org\springframework\spring-core\5.3.13\spring-core-5.3.13.jar;C:\Users\Errenz\.m2\repository\org\springframework\spring-jcl\5.3.13\spring-jcl-5.3.13.jar;C:\Users\Errenz\.m2\repository\org\springframework\spring-test\5.3.13\spring-test-5.3.13.jar;C:\Users\Errenz\.m2\repository\org\xmlunit\xmlunit-core\2.8.3\xmlunit-core-2.8.3.jar;C:\Users\Errenz\.m2\repository\org\springframework\boot\spring-boot-starter-data-jpa\2.6.1\spring-boot-starter-data-jpa-2.6.1.jar;C:\Users\Errenz\.m2\repository\org\springframework\boot\spring-boot-starter-aop\2.6.1\spring-boot-starter-aop-2.6.1.jar;C:\Users\Errenz\.m2\repository\org\aspectj\aspectjweaver\1.9.7\aspectjweaver-1.9.7.jar;C:\Users\Errenz\.m2\repository\org\springframework\boot\spring-boot-starter-jdbc\2.6.1\spring-boot-starter-jdbc-2.6.1.jar;C:\Users\Errenz\.m2\repository\com\zaxxer\HikariCP\4.0.3\HikariCP-4.0.3.jar;C:\Users\Errenz\.m2\repository\org\springframework\spring-jdbc\5.3.13\spring-jdbc-5.3.13.jar;C:\Users\Errenz\.m2\repository\jakarta\transaction\jakarta.transaction-api\1.3.3\jakarta.transaction-api-1.3.3.jar;C:\Users\Errenz\.m2\repository\jakarta\persistence\jakarta.persistence-api\2.2.3\jakarta.persistence-api-2.2.3.jar;C:\Users\Errenz\.m2\repository\org\hibernate\hibernate-core\5.6.1.Final\hibernate-core-5.6.1.Final.jar;C:\Users\Errenz\.m2\repository\org\jboss\logging\jboss-logging\3.4.2.Final\jboss-logging-3.4.2.Final.jar;C:\Users\Errenz\.m2\repository\antlr\antlr\2.7.7\antlr-2.7.7.jar;C:\Users\Errenz\.m2\repository\org\jboss\jandex\2.2.3.Final\jandex-2.2.3.Final.jar;C:\Users\Errenz\.m2\repository\com\fasterxml\classmate\1.5.1\classmate-1.5.1.jar;C:\Users\Errenz\.m2\repository\org\hibernate\common\hibernate-commons-annotations\5.1.2.Final\hibernate-commons-annotations-5.1.2.Final.jar;C:\Users\Errenz\.m2\repository\org\glassfish\jaxb\jaxb-runtime\2.3.5\jaxb-runtime-2.3.5.jar;C:\Users\Errenz\.m2\repository\org\glassfish\jaxb\txw2\2.3.5\txw2-2.3.5.jar;C:\Users\Errenz\.m2\repository\com\sun\istack\istack-commons-runtime\3.0.12\istack-commons-runtime-3.0.12.jar;C:\Users\Errenz\.m2\repository\com\sun\activation\jakarta.activation\1.2.2\jakarta.activation-1.2.2.jar;C:\Users\Errenz\.m2\repository\org\springframework\data\spring-data-jpa\2.6.0\spring-data-jpa-2.6.0.jar;C:\Users\Errenz\.m2\repository\org\springframework\data\spring-data-commons\2.6.0\spring-data-commons-2.6.0.jar;C:\Users\Errenz\.m2\repository\org\springframework\spring-orm\5.3.13\spring-orm-5.3.13.jar;C:\Users\Errenz\.m2\repository\org\springframework\spring-tx\5.3.13\spring-tx-5.3.13.jar;C:\Users\Errenz\.m2\repository\org\springframework\spring-aspects\5.3.13\spring-aspects-5.3.13.jar;C:\Users\Errenz\.m2\repository\mysql\mysql-connector-java\8.0.27\mysql-connector-java-8.0.27.jar;C:\Users\Errenz\.m2\repository\org\springframework\security\spring-security-core\5.2.0.RELEASE\spring-security-core-5.2.0.RELEASE.jar;C:\Users\Errenz\.m2\repository\org\springframework\spring-aop\5.3.13\spring-aop-5.3.13.jar;C:\Users\Errenz\.m2\repository\org\springframework\spring-beans\5.3.13\spring-beans-5.3.13.jar;C:\Users\Errenz\.m2\repository\org\springframework\spring-context\5.3.13\spring-context-5.3.13.jar;C:\Users\Errenz\.m2\repository\org\springframework\spring-expression\5.3.13\spring-expression-5.3.13.jar;C:\Users\Errenz\.m2\repository\org\springframework\security\spring-security-web\5.6.0\spring-security-web-5.6.0.jar;C:\Users\Errenz\.m2\repository\org\springframework\boot\spring-boot-starter-security\2.6.1\spring-boot-starter-security-2.6.1.jar;C:\Users\Errenz\.m2\repository\org\springframework\security\spring-security-config\5.6.0\spring-security-config-5.6.0.jar;C:\Users\Errenz\.m2\repository\org\springframework\boot\spring-boot-devtools\2.6.1\spring-boot-devtools-2.6.1.jar;C:\Users\Errenz\.m2\repository\org\springframework\boot\spring-boot\2.6.1\spring-boot-2.6.1.jar;C:\Users\Errenz\.m2\repository\org\springframework\boot\spring-boot-autoconfigure\2.6.1\spring-boot-autoconfigure-2.6.1.jar;C:\Users\Errenz\.m2\repository\io\jsonwebtoken\jjwt\0.9.1\jjwt-0.9.1.jar;C:\Users\Errenz\.m2\repository\com\azure\spring\spring-cloud-azure-starter-jdbc-mysql\5.7.0\spring-cloud-azure-starter-jdbc-mysql-5.7.0.jar;C:\Users\Errenz\.m2\repository\com\azure\spring\spring-cloud-azure-starter\5.7.0\spring-cloud-azure-starter-5.7.0.jar;C:\Users\Errenz\.m2\repository\com\azure\spring\spring-cloud-azure-autoconfigure\5.7.0\spring-cloud-azure-autoconfigure-5.7.0.jar;C:\Users\Errenz\.m2\repository\com\azure\spring\spring-cloud-azure-service\5.7.0\spring-cloud-azure-service-5.7.0.jar;C:\Users\Errenz\.m2\repository\com\azure\spring\spring-cloud-azure-core\5.7.0\spring-cloud-azure-core-5.7.0.jar;C:\Users\Errenz\.m2\repository\com\azure\azure-core-amqp\2.8.11\azure-core-amqp-2.8.11.jar;C:\Users\Errenz\.m2\repository\com\microsoft\azure\qpid-proton-j-extensions\1.2.4\qpid-proton-j-extensions-1.2.4.jar;C:\Users\Errenz\.m2\repository\org\apache\qpid\proton-j\0.33.8\proton-j-0.33.8.jar;C:\Users\Errenz\.m2\repository\com\azure\azure-core-management\1.11.7\azure-core-management-1.11.7.jar;C:\Users\Errenz\.m2\repository\jakarta\validation\jakarta.validation-api\2.0.2\jakarta.validation-api-2.0.2.jar;C:\Users\Errenz\.m2\repository\com\azure\azure-identity-extensions\1.1.9\azure-identity-extensions-1.1.9.jar;C:\Users\Errenz\.m2\repository\com\azure\azure-identity\1.10.4\azure-identity-1.10.4.jar;C:\Users\Errenz\.m2\repository\com\azure\azure-core\1.44.1\azure-core-1.44.1.jar;C:\Users\Errenz\.m2\repository\com\azure\azure-json\1.1.0\azure-json-1.1.0.jar;C:\Users\Errenz\.m2\repository\io\projectreactor\reactor-core\3.4.12\reactor-core-3.4.12.jar;C:\Users\Errenz\.m2\repository\org\reactivestreams\reactive-streams\1.0.3\reactive-streams-1.0.3.jar;C:\Users\Errenz\.m2\repository\com\azure\azure-core-http-netty\1.13.9\azure-core-http-netty-1.13.9.jar;C:\Users\Errenz\.m2\repository\io\netty\netty-handler\4.1.70.Final\netty-handler-4.1.70.Final.jar;C:\Users\Errenz\.m2\repository\io\netty\netty-resolver\4.1.70.Final\netty-resolver-4.1.70.Final.jar;C:\Users\Errenz\.m2\repository\io\netty\netty-transport\4.1.70.Final\netty-transport-4.1.70.Final.jar;C:\Users\Errenz\.m2\repository\io\netty\netty-handler-proxy\4.1.70.Final\netty-handler-proxy-4.1.70.Final.jar;C:\Users\Errenz\.m2\repository\io\netty\netty-codec-socks\4.1.70.Final\netty-codec-socks-4.1.70.Final.jar;C:\Users\Errenz\.m2\repository\io\netty\netty-buffer\4.1.70.Final\netty-buffer-4.1.70.Final.jar;C:\Users\Errenz\.m2\repository\io\netty\netty-codec\4.1.70.Final\netty-codec-4.1.70.Final.jar;C:\Users\Errenz\.m2\repository\io\netty\netty-codec-http\4.1.70.Final\netty-codec-http-4.1.70.Final.jar;C:\Users\Errenz\.m2\repository\io\netty\netty-codec-http2\4.1.70.Final\netty-codec-http2-4.1.70.Final.jar;C:\Users\Errenz\.m2\repository\io\netty\netty-transport-native-unix-common\4.1.70.Final\netty-transport-native-unix-common-4.1.70.Final.jar;C:\Users\Errenz\.m2\repository\io\netty\netty-transport-native-epoll\4.1.70.Final\netty-transport-native-epoll-4.1.70.Final-linux-x86_64.jar;C:\Users\Errenz\.m2\repository\io\netty\netty-transport-classes-epoll\4.1.70.Final\netty-transport-classes-epoll-4.1.70.Final.jar;C:\Users\Errenz\.m2\repository\io\netty\netty-transport-native-kqueue\4.1.70.Final\netty-transport-native-kqueue-4.1.70.Final-osx-x86_64.jar;C:\Users\Errenz\.m2\repository\io\netty\netty-transport-classes-kqueue\4.1.70.Final\netty-transport-classes-kqueue-4.1.70.Final.jar;C:\Users\Errenz\.m2\repository\io\netty\netty-tcnative-boringssl-static\2.0.46.Final\netty-tcnative-boringssl-static-2.0.46.Final.jar;C:\Users\Errenz\.m2\repository\io\netty\netty-tcnative-classes\2.0.46.Final\netty-tcnative-classes-2.0.46.Final.jar;C:\Users\Errenz\.m2\repository\io\projectreactor\netty\reactor-netty-http\1.0.13\reactor-netty-http-1.0.13.jar;C:\Users\Errenz\.m2\repository\io\netty\netty-resolver-dns\4.1.70.Final\netty-resolver-dns-4.1.70.Final.jar;C:\Users\Errenz\.m2\repository\io\netty\netty-codec-dns\4.1.70.Final\netty-codec-dns-4.1.70.Final.jar;C:\Users\Errenz\.m2\repository\io\netty\netty-resolver-dns-native-macos\4.1.70.Final\netty-resolver-dns-native-macos-4.1.70.Final-osx-x86_64.jar;C:\Users\Errenz\.m2\repository\io\netty\netty-resolver-dns-classes-macos\4.1.70.Final\netty-resolver-dns-classes-macos-4.1.70.Final.jar;C:\Users\Errenz\.m2\repository\io\projectreactor\netty\reactor-netty-core\1.0.13\reactor-netty-core-1.0.13.jar;C:\Users\Errenz\.m2\repository\io\netty\netty-common\4.1.70.Final\netty-common-4.1.70.Final.jar;C:\Users\Errenz\.m2\repository\com\microsoft\azure\msal4j\1.13.9\msal4j-1.13.9.jar;C:\Users\Errenz\.m2\repository\com\nimbusds\oauth2-oidc-sdk\10.7.1\oauth2-oidc-sdk-10.7.1.jar;C:\Users\Errenz\.m2\repository\com\github\stephenc\jcip\jcip-annotations\1.0-1\jcip-annotations-1.0-1.jar;C:\Users\Errenz\.m2\repository\com\nimbusds\content-type\2.2\content-type-2.2.jar;C:\Users\Errenz\.m2\repository\com\nimbusds\lang-tag\1.7\lang-tag-1.7.jar;C:\Users\Errenz\.m2\repository\com\nimbusds\nimbus-jose-jwt\9.30.2\nimbus-jose-jwt-9.30.2.jar;C:\Users\Errenz\.m2\repository\com\microsoft\azure\msal4j-persistence-extension\1.2.0\msal4j-persistence-extension-1.2.0.jar;C:\Users\Errenz\.m2\repository\net\java\dev\jna\jna\5.13.0\jna-5.13.0.jar;C:\Users\Errenz\.m2\repository\net\java\dev\jna\jna-platform\5.6.0\jna-platform-5.6.0.jar;C:\Users\Errenz\.m2\repository\com\mysql\mysql-connector-j\8.0.33\mysql-connector-j-8.0.33.jar;C:\Users\Errenz\.m2\repository\com\google\protobuf\protobuf-java\3.21.9\protobuf-java-3.21.9.jar;"/>
    <property name="java.vm.vendor" value="Oracle Corporation"/>
    <property name="sun.arch.data.model" value="64"/>
    <property name="user.variant" value=""/>
    <property name="java.vendor.url" value="https://java.oracle.com/"/>
    <property name="user.timezone" value="Asia/Manila"/>
    <property name="os.name" value="Windows 10"/>
    <property name="java.vm.specification.version" value="17"/>
    <property name="sun.java.launcher" value="SUN_STANDARD"/>
    <property name="user.country" value="PH"/>
    <property name="sun.boot.library.path" value="C:\Program Files\Java\jdk-17.0.1\bin"/>
    <property name="sun.java.command" value="C:\Users\Errenz\AppData\Local\Temp\surefire8534275568337239094\surefirebooter16086897273621778043.jar C:\Users\Errenz\AppData\Local\Temp\surefire8534275568337239094 2023-11-21T21-27-45_387-jvmRun1 surefire5620390469298652463tmp surefire_09218570250808398275tmp"/>
    <property name="jdk.debug" value="release"/>
    <property name="surefire.test.class.path" value="C:\Users\Errenz\Documents\GitHub\2223-sem2-g2-g3-12-WellTalkWebsite-v2\target\test-classes;C:\Users\Errenz\Documents\GitHub\2223-sem2-g2-g3-12-WellTalkWebsite-v2\target\classes;C:\Users\Errenz\.m2\repository\org\springframework\boot\spring-boot-starter-web\2.6.1\spring-boot-starter-web-2.6.1.jar;C:\Users\Errenz\.m2\repository\org\springframework\boot\spring-boot-starter\2.6.1\spring-boot-starter-2.6.1.jar;C:\Users\Errenz\.m2\repository\org\springframework\boot\spring-boot-starter-logging\2.6.1\spring-boot-starter-logging-2.6.1.jar;C:\Users\Errenz\.m2\repository\ch\qos\logback\logback-classic\1.2.7\logback-classic-1.2.7.jar;C:\Users\Errenz\.m2\repository\ch\qos\logback\logback-core\1.2.7\logback-core-1.2.7.jar;C:\Users\Errenz\.m2\repository\org\apache\logging\log4j\log4j-to-slf4j\2.14.1\log4j-to-slf4j-2.14.1.jar;C:\Users\Errenz\.m2\repository\org\apache\logging\log4j\log4j-api\2.14.1\log4j-api-2.14.1.jar;C:\Users\Errenz\.m2\repository\org\slf4j\jul-to-slf4j\1.7.32\jul-to-slf4j-1.7.32.jar;C:\Users\Errenz\.m2\repository\org\yaml\snakeyaml\1.29\snakeyaml-1.29.jar;C:\Users\Errenz\.m2\repository\org\springframework\boot\spring-boot-starter-json\2.6.1\spring-boot-starter-json-2.6.1.jar;C:\Users\Errenz\.m2\repository\com\fasterxml\jackson\datatype\jackson-datatype-jdk8\2.13.0\jackson-datatype-jdk8-2.13.0.jar;C:\Users\Errenz\.m2\repository\com\fasterxml\jackson\datatype\jackson-datatype-jsr310\2.13.0\jackson-datatype-jsr310-2.13.0.jar;C:\Users\Errenz\.m2\repository\com\fasterxml\jackson\module\jackson-module-parameter-names\2.13.0\jackson-module-parameter-names-2.13.0.jar;C:\Users\Errenz\.m2\repository\org\springframework\spring-web\5.3.13\spring-web-5.3.13.jar;C:\Users\Errenz\.m2\repository\org\springframework\spring-webmvc\5.3.13\spring-webmvc-5.3.13.jar;C:\Users\Errenz\.m2\repository\com\fasterxml\jackson\core\jackson-databind\2.12.5\jackson-databind-2.12.5.jar;C:\Users\Errenz\.m2\repository\com\fasterxml\jackson\core\jackson-annotations\2.13.0\jackson-annotations-2.13.0.jar;C:\Users\Errenz\.m2\repository\com\fasterxml\jackson\core\jackson-core\2.13.0\jackson-core-2.13.0.jar;C:\Users\Errenz\.m2\repository\org\springframework\boot\spring-boot-starter-tomcat\2.6.1\spring-boot-starter-tomcat-2.6.1.jar;C:\Users\Errenz\.m2\repository\jakarta\annotation\jakarta.annotation-api\1.3.5\jakarta.annotation-api-1.3.5.jar;C:\Users\Errenz\.m2\repository\org\apache\tomcat\embed\tomcat-embed-core\9.0.55\tomcat-embed-core-9.0.55.jar;C:\Users\Errenz\.m2\repository\org\apache\tomcat\embed\tomcat-embed-el\9.0.55\tomcat-embed-el-9.0.55.jar;C:\Users\Errenz\.m2\repository\org\apache\tomcat\embed\tomcat-embed-websocket\9.0.55\tomcat-embed-websocket-9.0.55.jar;C:\Users\Errenz\.m2\repository\org\springframework\boot\spring-boot-starter-test\2.6.1\spring-boot-starter-test-2.6.1.jar;C:\Users\Errenz\.m2\repository\org\springframework\boot\spring-boot-test\2.6.1\spring-boot-test-2.6.1.jar;C:\Users\Errenz\.m2\repository\org\springframework\boot\spring-boot-test-autoconfigure\2.6.1\spring-boot-test-autoconfigure-2.6.1.jar;C:\Users\Errenz\.m2\repository\com\jayway\jsonpath\json-path\2.6.0\json-path-2.6.0.jar;C:\Users\Errenz\.m2\repository\net\minidev\json-smart\2.4.7\json-smart-2.4.7.jar;C:\Users\Errenz\.m2\repository\net\minidev\accessors-smart\2.4.7\accessors-smart-2.4.7.jar;C:\Users\Errenz\.m2\repository\org\ow2\asm\asm\9.1\asm-9.1.jar;C:\Users\Errenz\.m2\repository\org\slf4j\slf4j-api\1.7.32\slf4j-api-1.7.32.jar;C:\Users\Errenz\.m2\repository\jakarta\xml\bind\jakarta.xml.bind-api\2.3.3\jakarta.xml.bind-api-2.3.3.jar;C:\Users\Errenz\.m2\repository\jakarta\activation\jakarta.activation-api\1.2.2\jakarta.activation-api-1.2.2.jar;C:\Users\Errenz\.m2\repository\org\assertj\assertj-core\3.21.0\assertj-core-3.21.0.jar;C:\Users\Errenz\.m2\repository\org\hamcrest\hamcrest\2.2\hamcrest-2.2.jar;C:\Users\Errenz\.m2\repository\org\junit\jupiter\junit-jupiter\5.8.1\junit-jupiter-5.8.1.jar;C:\Users\Errenz\.m2\repository\org\junit\jupiter\junit-jupiter-api\5.8.1\junit-jupiter-api-5.8.1.jar;C:\Users\Errenz\.m2\repository\org\opentest4j\opentest4j\1.2.0\opentest4j-1.2.0.jar;C:\Users\Errenz\.m2\repository\org\junit\platform\junit-platform-commons\1.8.1\junit-platform-commons-1.8.1.jar;C:\Users\Errenz\.m2\repository\org\apiguardian\apiguardian-api\1.1.2\apiguardian-api-1.1.2.jar;C:\Users\Errenz\.m2\repository\org\junit\jupiter\junit-jupiter-params\5.8.1\junit-jupiter-params-5.8.1.jar;C:\Users\Errenz\.m2\repository\org\junit\jupiter\junit-jupiter-engine\5.8.1\junit-jupiter-engine-5.8.1.jar;C:\Users\Errenz\.m2\repository\org\junit\platform\junit-platform-engine\1.8.1\junit-platform-engine-1.8.1.jar;C:\Users\Errenz\.m2\repository\org\mockito\mockito-core\4.0.0\mockito-core-4.0.0.jar;C:\Users\Errenz\.m2\repository\net\bytebuddy\byte-buddy\1.11.22\byte-buddy-1.11.22.jar;C:\Users\Errenz\.m2\repository\net\bytebuddy\byte-buddy-agent\1.11.22\byte-buddy-agent-1.11.22.jar;C:\Users\Errenz\.m2\repository\org\objenesis\objenesis\3.2\objenesis-3.2.jar;C:\Users\Errenz\.m2\repository\org\mockito\mockito-junit-jupiter\4.0.0\mockito-junit-jupiter-4.0.0.jar;C:\Users\Errenz\.m2\repository\org\skyscreamer\jsonassert\1.5.0\jsonassert-1.5.0.jar;C:\Users\Errenz\.m2\repository\com\vaadin\external\google\android-json\0.0.20131108.vaadin1\android-json-0.0.20131108.vaadin1.jar;C:\Users\Errenz\.m2\repository\org\springframework\spring-core\5.3.13\spring-core-5.3.13.jar;C:\Users\Errenz\.m2\repository\org\springframework\spring-jcl\5.3.13\spring-jcl-5.3.13.jar;C:\Users\Errenz\.m2\repository\org\springframework\spring-test\5.3.13\spring-test-5.3.13.jar;C:\Users\Errenz\.m2\repository\org\xmlunit\xmlunit-core\2.8.3\xmlunit-core-2.8.3.jar;C:\Users\Errenz\.m2\repository\org\springframework\boot\spring-boot-starter-data-jpa\2.6.1\spring-boot-starter-data-jpa-2.6.1.jar;C:\Users\Errenz\.m2\repository\org\springframework\boot\spring-boot-starter-aop\2.6.1\spring-boot-starter-aop-2.6.1.jar;C:\Users\Errenz\.m2\repository\org\aspectj\aspectjweaver\1.9.7\aspectjweaver-1.9.7.jar;C:\Users\Errenz\.m2\repository\org\springframework\boot\spring-boot-starter-jdbc\2.6.1\spring-boot-starter-jdbc-2.6.1.jar;C:\Users\Errenz\.m2\repository\com\zaxxer\HikariCP\4.0.3\HikariCP-4.0.3.jar;C:\Users\Errenz\.m2\repository\org\springframework\spring-jdbc\5.3.13\spring-jdbc-5.3.13.jar;C:\Users\Errenz\.m2\repository\jakarta\transaction\jakarta.transaction-api\1.3.3\jakarta.transaction-api-1.3.3.jar;C:\Users\Errenz\.m2\repository\jakarta\persistence\jakarta.persistence-api\2.2.3\jakarta.persistence-api-2.2.3.jar;C:\Users\Errenz\.m2\repository\org\hibernate\hibernate-core\5.6.1.Final\hibernate-core-5.6.1.Final.jar;C:\Users\Errenz\.m2\repository\org\jboss\logging\jboss-logging\3.4.2.Final\jboss-logging-3.4.2.Final.jar;C:\Users\Errenz\.m2\repository\antlr\antlr\2.7.7\antlr-2.7.7.jar;C:\Users\Errenz\.m2\repository\org\jboss\jandex\2.2.3.Final\jandex-2.2.3.Final.jar;C:\Users\Errenz\.m2\repository\com\fasterxml\classmate\1.5.1\classmate-1.5.1.jar;C:\Users\Errenz\.m2\repository\org\hibernate\common\hibernate-commons-annotations\5.1.2.Final\hibernate-commons-annotations-5.1.2.Final.jar;C:\Users\Errenz\.m2\repository\org\glassfish\jaxb\jaxb-runtime\2.3.5\jaxb-runtime-2.3.5.jar;C:\Users\Errenz\.m2\repository\org\glassfish\jaxb\txw2\2.3.5\txw2-2.3.5.jar;C:\Users\Errenz\.m2\repository\com\sun\istack\istack-commons-runtime\3.0.12\istack-commons-runtime-3.0.12.jar;C:\Users\Errenz\.m2\repository\com\sun\activation\jakarta.activation\1.2.2\jakarta.activation-1.2.2.jar;C:\Users\Errenz\.m2\repository\org\springframework\data\spring-data-jpa\2.6.0\spring-data-jpa-2.6.0.jar;C:\Users\Errenz\.m2\repository\org\springframework\data\spring-data-commons\2.6.0\spring-data-commons-2.6.0.jar;C:\Users\Errenz\.m2\repository\org\springframework\spring-orm\5.3.13\spring-orm-5.3.13.jar;C:\Users\Errenz\.m2\repository\org\springframework\spring-tx\5.3.13\spring-tx-5.3.13.jar;C:\Users\Errenz\.m2\repository\org\springframework\spring-aspects\5.3.13\spring-aspects-5.3.13.jar;C:\Users\Errenz\.m2\repository\mysql\mysql-connector-java\8.0.27\mysql-connector-java-8.0.27.jar;C:\Users\Errenz\.m2\repository\org\springframework\security\spring-security-core\5.2.0.RELEASE\spring-security-core-5.2.0.RELEASE.jar;C:\Users\Errenz\.m2\repository\org\springframework\spring-aop\5.3.13\spring-aop-5.3.13.jar;C:\Users\Errenz\.m2\repository\org\springframework\spring-beans\5.3.13\spring-beans-5.3.13.jar;C:\Users\Errenz\.m2\repository\org\springframework\spring-context\5.3.13\spring-context-5.3.13.jar;C:\Users\Errenz\.m2\repository\org\springframework\spring-expression\5.3.13\spring-expression-5.3.13.jar;C:\Users\Errenz\.m2\repository\org\springframework\security\spring-security-web\5.6.0\spring-security-web-5.6.0.jar;C:\Users\Errenz\.m2\repository\org\springframework\boot\spring-boot-starter-security\2.6.1\spring-boot-starter-security-2.6.1.jar;C:\Users\Errenz\.m2\repository\org\springframework\security\spring-security-config\5.6.0\spring-security-config-5.6.0.jar;C:\Users\Errenz\.m2\repository\org\springframework\boot\spring-boot-devtools\2.6.1\spring-boot-devtools-2.6.1.jar;C:\Users\Errenz\.m2\repository\org\springframework\boot\spring-boot\2.6.1\spring-boot-2.6.1.jar;C:\Users\Errenz\.m2\repository\org\springframework\boot\spring-boot-autoconfigure\2.6.1\spring-boot-autoconfigure-2.6.1.jar;C:\Users\Errenz\.m2\repository\io\jsonwebtoken\jjwt\0.9.1\jjwt-0.9.1.jar;C:\Users\Errenz\.m2\repository\com\azure\spring\spring-cloud-azure-starter-jdbc-mysql\5.7.0\spring-cloud-azure-starter-jdbc-mysql-5.7.0.jar;C:\Users\Errenz\.m2\repository\com\azure\spring\spring-cloud-azure-starter\5.7.0\spring-cloud-azure-starter-5.7.0.jar;C:\Users\Errenz\.m2\repository\com\azure\spring\spring-cloud-azure-autoconfigure\5.7.0\spring-cloud-azure-autoconfigure-5.7.0.jar;C:\Users\Errenz\.m2\repository\com\azure\spring\spring-cloud-azure-service\5.7.0\spring-cloud-azure-service-5.7.0.jar;C:\Users\Errenz\.m2\repository\com\azure\spring\spring-cloud-azure-core\5.7.0\spring-cloud-azure-core-5.7.0.jar;C:\Users\Errenz\.m2\repository\com\azure\azure-core-amqp\2.8.11\azure-core-amqp-2.8.11.jar;C:\Users\Errenz\.m2\repository\com\microsoft\azure\qpid-proton-j-extensions\1.2.4\qpid-proton-j-extensions-1.2.4.jar;C:\Users\Errenz\.m2\repository\org\apache\qpid\proton-j\0.33.8\proton-j-0.33.8.jar;C:\Users\Errenz\.m2\repository\com\azure\azure-core-management\1.11.7\azure-core-management-1.11.7.jar;C:\Users\Errenz\.m2\repository\jakarta\validation\jakarta.validation-api\2.0.2\jakarta.validation-api-2.0.2.jar;C:\Users\Errenz\.m2\repository\com\azure\azure-identity-extensions\1.1.9\azure-identity-extensions-1.1.9.jar;C:\Users\Errenz\.m2\repository\com\azure\azure-identity\1.10.4\azure-identity-1.10.4.jar;C:\Users\Errenz\.m2\repository\com\azure\azure-core\1.44.1\azure-core-1.44.1.jar;C:\Users\Errenz\.m2\repository\com\azure\azure-json\1.1.0\azure-json-1.1.0.jar;C:\Users\Errenz\.m2\repository\io\projectreactor\reactor-core\3.4.12\reactor-core-3.4.12.jar;C:\Users\Errenz\.m2\repository\org\reactivestreams\reactive-streams\1.0.3\reactive-streams-1.0.3.jar;C:\Users\Errenz\.m2\repository\com\azure\azure-core-http-netty\1.13.9\azure-core-http-netty-1.13.9.jar;C:\Users\Errenz\.m2\repository\io\netty\netty-handler\4.1.70.Final\netty-handler-4.1.70.Final.jar;C:\Users\Errenz\.m2\repository\io\netty\netty-resolver\4.1.70.Final\netty-resolver-4.1.70.Final.jar;C:\Users\Errenz\.m2\repository\io\netty\netty-transport\4.1.70.Final\netty-transport-4.1.70.Final.jar;C:\Users\Errenz\.m2\repository\io\netty\netty-handler-proxy\4.1.70.Final\netty-handler-proxy-4.1.70.Final.jar;C:\Users\Errenz\.m2\repository\io\netty\netty-codec-socks\4.1.70.Final\netty-codec-socks-4.1.70.Final.jar;C:\Users\Errenz\.m2\repository\io\netty\netty-buffer\4.1.70.Final\netty-buffer-4.1.70.Final.jar;C:\Users\Errenz\.m2\repository\io\netty\netty-codec\4.1.70.Final\netty-codec-4.1.70.Final.jar;C:\Users\Errenz\.m2\repository\io\netty\netty-codec-http\4.1.70.Final\netty-codec-http-4.1.70.Final.jar;C:\Users\Errenz\.m2\repository\io\netty\netty-codec-http2\4.1.70.Final\netty-codec-http2-4.1.70.Final.jar;C:\Users\Errenz\.m2\repository\io\netty\netty-transport-native-unix-common\4.1.70.Final\netty-transport-native-unix-common-4.1.70.Final.jar;C:\Users\Errenz\.m2\repository\io\netty\netty-transport-native-epoll\4.1.70.Final\netty-transport-native-epoll-4.1.70.Final-linux-x86_64.jar;C:\Users\Errenz\.m2\repository\io\netty\netty-transport-classes-epoll\4.1.70.Final\netty-transport-classes-epoll-4.1.70.Final.jar;C:\Users\Errenz\.m2\repository\io\netty\netty-transport-native-kqueue\4.1.70.Final\netty-transport-native-kqueue-4.1.70.Final-osx-x86_64.jar;C:\Users\Errenz\.m2\repository\io\netty\netty-transport-classes-kqueue\4.1.70.Final\netty-transport-classes-kqueue-4.1.70.Final.jar;C:\Users\Errenz\.m2\repository\io\netty\netty-tcnative-boringssl-static\2.0.46.Final\netty-tcnative-boringssl-static-2.0.46.Final.jar;C:\Users\Errenz\.m2\repository\io\netty\netty-tcnative-classes\2.0.46.Final\netty-tcnative-classes-2.0.46.Final.jar;C:\Users\Errenz\.m2\repository\io\projectreactor\netty\reactor-netty-http\1.0.13\reactor-netty-http-1.0.13.jar;C:\Users\Errenz\.m2\repository\io\netty\netty-resolver-dns\4.1.70.Final\netty-resolver-dns-4.1.70.Final.jar;C:\Users\Errenz\.m2\repository\io\netty\netty-codec-dns\4.1.70.Final\netty-codec-dns-4.1.70.Final.jar;C:\Users\Errenz\.m2\repository\io\netty\netty-resolver-dns-native-macos\4.1.70.Final\netty-resolver-dns-native-macos-4.1.70.Final-osx-x86_64.jar;C:\Users\Errenz\.m2\repository\io\netty\netty-resolver-dns-classes-macos\4.1.70.Final\netty-resolver-dns-classes-macos-4.1.70.Final.jar;C:\Users\Errenz\.m2\repository\io\projectreactor\netty\reactor-netty-core\1.0.13\reactor-netty-core-1.0.13.jar;C:\Users\Errenz\.m2\repository\io\netty\netty-common\4.1.70.Final\netty-common-4.1.70.Final.jar;C:\Users\Errenz\.m2\repository\com\microsoft\azure\msal4j\1.13.9\msal4j-1.13.9.jar;C:\Users\Errenz\.m2\repository\com\nimbusds\oauth2-oidc-sdk\10.7.1\oauth2-oidc-sdk-10.7.1.jar;C:\Users\Errenz\.m2\repository\com\github\stephenc\jcip\jcip-annotations\1.0-1\jcip-annotations-1.0-1.jar;C:\Users\Errenz\.m2\repository\com\nimbusds\content-type\2.2\content-type-2.2.jar;C:\Users\Errenz\.m2\repository\com\nimbusds\lang-tag\1.7\lang-tag-1.7.jar;C:\Users\Errenz\.m2\repository\com\nimbusds\nimbus-jose-jwt\9.30.2\nimbus-jose-jwt-9.30.2.jar;C:\Users\Errenz\.m2\repository\com\microsoft\azure\msal4j-persistence-extension\1.2.0\msal4j-persistence-extension-1.2.0.jar;C:\Users\Errenz\.m2\repository\net\java\dev\jna\jna\5.13.0\jna-5.13.0.jar;C:\Users\Errenz\.m2\repository\net\java\dev\jna\jna-platform\5.6.0\jna-platform-5.6.0.jar;C:\Users\Errenz\.m2\repository\com\mysql\mysql-connector-j\8.0.33\mysql-connector-j-8.0.33.jar;C:\Users\Errenz\.m2\repository\com\google\protobuf\protobuf-java\3.21.9\protobuf-java-3.21.9.jar;"/>
    <property name="sun.cpu.endian" value="little"/>
    <property name="user.home" value="C:\Users\Errenz"/>
    <property name="user.language" value="en"/>
    <property name="java.specification.vendor" value="Oracle Corporation"/>
    <property name="java.version.date" value="2021-10-19"/>
    <property name="java.home" value="C:\Program Files\Java\jdk-17.0.1"/>
    <property name="file.separator" value="\"/>
    <property name="basedir" value="C:\Users\Errenz\Documents\GitHub\2223-sem2-g2-g3-12-WellTalkWebsite-v2"/>
    <property name="java.vm.compressedOopsMode" value="32-bit"/>
    <property name="line.separator" value="&#10;"/>
    <property name="java.vm.specification.vendor" value="Oracle Corporation"/>
    <property name="java.specification.name" value="Java Platform API Specification"/>
    <property name="surefire.real.class.path" value="C:\Users\Errenz\AppData\Local\Temp\surefire8534275568337239094\surefirebooter16086897273621778043.jar"/>
    <property name="user.script" value=""/>
    <property name="sun.management.compiler" value="HotSpot 64-Bit Tiered Compilers"/>
    <property name="java.runtime.version" value="17.0.1+12-39"/>
    <property name="user.name" value="Errenz"/>
    <property name="path.separator" value=";"/>
    <property name="os.version" value="10.0"/>
    <property name="java.runtime.name" value="OpenJDK Runtime Environment"/>
    <property name="file.encoding" value="Cp1252"/>
    <property name="java.vm.name" value="OpenJDK 64-Bit Server VM"/>
    <property name="localRepository" value="C:\Users\Errenz\.m2\repository"/>
    <property name="java.vendor.url.bug" value="https://bugreport.java.com/bugreport/"/>
    <property name="java.io.tmpdir" value="C:\Users\Errenz\AppData\Local\Temp\"/>
    <property name="java.version" value="17.0.1"/>
    <property name="user.dir" value="C:\Users\Errenz\Documents\GitHub\2223-sem2-g2-g3-12-WellTalkWebsite-v2"/>
    <property name="os.arch" value="amd64"/>
    <property name="java.vm.specification.name" value="Java Virtual Machine Specification"/>
    <property name="sun.os.patch.level" value=""/>
    <property name="native.encoding" value="Cp1252"/>
    <property name="java.library.path" value="C:\Program Files\Java\jdk-17.0.1\bin;C:\Windows\Sun\Java\bin;C:\Windows\system32;C:\Windows;C:\Program Files\Microsoft SDKs\Azure\CLI2\wbin;C:\Program Files\Common Files\Oracle\Java\javapath;C:\Program Files (x86)\Common Files\Oracle\Java\javapath;C:\Windows\System32\HWAudioDriverLibs;C:\Windows\system32;C:\Windows;C:\Windows\System32\Wbem;C:\Windows\System32\WindowsPowerShell\v1.0\;C:\Windows\System32\OpenSSH\;C:\Windows\system32\config\systemprofile\AppData\Local\Microsoft\WindowsApps;C:\Users\Errenz\AppData\Local\Microsoft\WindowsApps;C:\Users\Errenz\AppData\Local\Programs\Microsoft VS Code\bin;C:\Users\Errenz\AppData\Roaming\npm;C:\Users\Errenz\AppData\Local\GitHubDesktop\bin;C:\adb;C:\Program Files\Git\cmd;C:\Program Files\nodejs\;C:\Program Files\Java\jdk-17.0.1\bin;C:\Users\Errenz\AppData\Roaming\Zoom\bin;C:\Program Files\Amazon\AWSCLIV2\;C:\Program Files\Docker\Docker\resources\bin;C:\Users\Errenz\AppData\Local\Programs\Python\Launcher\;C:\Users\Errenz\AppData\Local\Microsoft\WindowsApps;C:\Users\Errenz\AppData\Local\Programs\Microsoft VS Code\bin;C:\Users\Errenz\AppData\Local\GitHubDesktop\bin;C:\Users\Errenz\Downloads\Compressed\platform-tools_r34.0.4-windows\platform-tools;C:\Program Files\JetBrains\IntelliJ IDEA Community Edition 2023.2.1\bin;C:\Users\Errenz\AppData\Roaming\npm;C:\Program Files\Java\jdk-17.0.1\bin;C:\Users\Errenz\.fly\bin;C:\Users\Errenz\AppData\Local\Google\Cloud SDK\google-cloud-sdk\bin;C:\xamppp\mysql\bin;;."/>
    <property name="java.vm.info" value="mixed mode, sharing"/>
    <property name="java.vendor" value="Oracle Corporation"/>
    <property name="java.vm.version" value="17.0.1+12-39"/>
    <property name="sun.io.unicode.encoding" value="UnicodeLittle"/>
    <property name="java.class.version" value="61.0"/>
  </properties>
  <testcase name="contextLoads" classname="com.website.welltalk.WelltalkApplicationTests" time="0.318"/>
</testsuite>